e:\git library\mlayout\mlayout\x64\debug\mlayout.obj
e:\git library\mlayout\mlayout\x64\debug\main.obj
e:\git library\mlayout\mlayout\x64\debug\moc_mlayout.obj
e:\git library\mlayout\mlayout\x64\debug\vc120.pdb
e:\git library\mlayout\mlayout\x64\debug\qrc_mlayout.obj
e:\git library\mlayout\mlayout\generatedfiles\debug\moc_mlayout.cpp
e:\git library\mlayout\mlayout\generatedfiles\ui_mlayout.h
e:\git library\mlayout\mlayout\generatedfiles\qrc_mlayout.cpp
e:\git library\mlayout\x64\debug\mlayout.ilk
e:\git library\mlayout\x64\debug\mlayout.exe
e:\git library\mlayout\x64\debug\mlayout.pdb
e:\git library\mlayout\mlayout\x64\debug\mlayout.tlog\cl.command.1.tlog
e:\git library\mlayout\mlayout\x64\debug\mlayout.tlog\cl.read.1.tlog
e:\git library\mlayout\mlayout\x64\debug\mlayout.tlog\cl.write.1.tlog
e:\git library\mlayout\mlayout\x64\debug\mlayout.tlog\custombuild.command.1.tlog
e:\git library\mlayout\mlayout\x64\debug\mlayout.tlog\custombuild.read.1.tlog
e:\git library\mlayout\mlayout\x64\debug\mlayout.tlog\custombuild.write.1.tlog
e:\git library\mlayout\mlayout\x64\debug\mlayout.tlog\link.command.1.tlog
e:\git library\mlayout\mlayout\x64\debug\mlayout.tlog\link.read.1.tlog
e:\git library\mlayout\mlayout\x64\debug\mlayout.tlog\link.write.1.tlog
